<?xml version="1.0" encoding="UTF-8"?>
<testng-results ignored="0" total="1" passed="1" failed="0" skipped="0">
  <reporter-output>
    <line>
      <![CDATA[createCustomerhas been passed]]>
    </line>
  </reporter-output>
  <suite started-at="2024-12-20T13:58:21 IST" name="Default suite" finished-at="2024-12-20T13:58:29 IST" duration-ms="8329">
    <groups>
    </groups>
    <test started-at="2024-12-20T13:58:21 IST" name="Default test" finished-at="2024-12-20T13:58:29 IST" duration-ms="8329">
      <class name="com.sodexo.testscript.CustomerModule">
        <test-method is-config="true" signature="openBrowser()[pri:0, instance:com.sodexo.testscript.CustomerModule@65f8f5ae]" started-at="2024-12-20T13:58:21 IST" name="openBrowser" finished-at="2024-12-20T13:58:24 IST" duration-ms="2422" status="PASS">
          <reporter-output>
          </reporter-output>
        </test-method> <!-- openBrowser -->
        <test-method is-config="true" signature="login()[pri:0, instance:com.sodexo.testscript.CustomerModule@65f8f5ae]" started-at="2024-12-20T13:58:24 IST" name="login" finished-at="2024-12-20T13:58:24 IST" duration-ms="419" status="PASS">
          <reporter-output>
          </reporter-output>
        </test-method> <!-- login -->
        <test-method signature="createCustomer()[pri:0, instance:com.sodexo.testscript.CustomerModule@65f8f5ae]" started-at="2024-12-20T13:58:24 IST" name="createCustomer" finished-at="2024-12-20T13:58:29 IST" duration-ms="4671" status="PASS">
          <reporter-output>
            <line>
              <![CDATA[createCustomerhas been passed]]>
            </line>
          </reporter-output>
        </test-method> <!-- createCustomer -->
        <test-method is-config="true" signature="logout()[pri:0, instance:com.sodexo.testscript.CustomerModule@65f8f5ae]" started-at="2024-12-20T13:58:29 IST" name="logout" finished-at="2024-12-20T13:58:29 IST" duration-ms="331" status="PASS">
          <reporter-output>
          </reporter-output>
        </test-method> <!-- logout -->
        <test-method is-config="true" signature="closeBrowser()[pri:0, instance:com.sodexo.testscript.CustomerModule@65f8f5ae]" started-at="2024-12-20T13:58:29 IST" name="closeBrowser" finished-at="2024-12-20T13:58:29 IST" duration-ms="414" status="PASS">
          <reporter-output>
          </reporter-output>
        </test-method> <!-- closeBrowser -->
      </class> <!-- com.sodexo.testscript.CustomerModule -->
    </test> <!-- Default test -->
  </suite> <!-- Default suite -->
</testng-results>
